<?xml version="1.0" encoding="UTF-8"?>
<!-- Generated by org.testng.reporters.JUnitXMLReporter -->
<testsuite ignored="1" hostname="DESKTOP-PRKQ7V0" failures="0" tests="0" time="0.033" errors="0" timestamp="2021-09-08T17:07:28 IST">
  <testcase classname="Academy.Homepage" name="@AfterTest teardown" time="0.001">
    <failure type="java.lang.NullPointerException" message="Cannot invoke &amp;quot;org.openqa.selenium.WebDriver.close()&amp;quot; because &amp;quot;this.driver&amp;quot; is null">
      <![CDATA[java.lang.NullPointerException: Cannot invoke "org.openqa.selenium.WebDriver.close()" because "this.driver" is null
at Academy.Homepage.teardown(Homepage.java:45)
... Removed 24 stack frames]]>
    </failure>
  </testcase> <!-- @AfterTest teardown -->
  <testcase classname="Academy.Homepage" name="basePageNavigation" time="0.0">
    <ignored/>
  </testcase> <!-- basePageNavigation -->
</testsuite>
