<?xml version="1.0" encoding="UTF-8"?>
<!-- Generated by org.testng.reporters.JUnitXMLReporter -->
<testsuite ignored="0" hostname="DESKTOP-PRKQ7V0" failures="2" tests="2" name="Test" time="0.174" errors="0" timestamp="15 Jun 2023 11:06:49 GMT">
  <testcase classname="Practiceproject.Practiceproject.test" name="createProduct" time="0.054">
    <failure type="java.lang.NullPointerException">
      <![CDATA[java.lang.NullPointerException
at Practiceproject.Practiceproject.LoginPage.goTo(LoginPage.java:38)
at Practiceproject.Practiceproject.test.createProduct(test.java:36)
... Removed 25 stack frames]]>
    </failure>
  </testcase> <!-- createProduct -->
  <testcase classname="Practiceproject.Practiceproject.test" name="createProduct" time="0.129">
    <failure type="java.lang.NullPointerException">
      <![CDATA[java.lang.NullPointerException
at Testcomponents.BaseTest.getScreenshot(BaseTest.java:80)
at Testcomponents.Listeners.onTestFailure(Listeners.java:51)
... Removed 22 stack frames]]>
    </failure>
  </testcase> <!-- createProduct -->
</testsuite> <!-- Test -->
