<?xml version="1.0" encoding="UTF-8"?>
<testng-results ignored="0" total="2" passed="2" failed="0" skipped="0">
  <reporter-output>
  </reporter-output>
  <suite started-at="2021-09-13T18:48:28 IST" name="Suite" finished-at="2021-09-13T18:53:57 IST" duration-ms="329245">
    <groups>
    </groups>
    <test started-at="2021-09-13T18:48:28 IST" name="Testing nav links" finished-at="2021-09-13T18:52:38 IST" duration-ms="250200">
      <class name="Academy.ValidateNavigationlinks">
        <test-method signature="basePageNavigation()[pri:0, instance:Academy.ValidateNavigationlinks@548a24a]" started-at="2021-09-13T18:48:28 IST" name="basePageNavigation" finished-at="2021-09-13T18:52:36 IST" duration-ms="247597" status="PASS">
          <reporter-output>
          </reporter-output>
        </test-method> <!-- basePageNavigation -->
        <test-method is-config="true" signature="teardown()[pri:0, instance:Academy.ValidateNavigationlinks@548a24a]" started-at="2021-09-13T18:52:36 IST" name="teardown" finished-at="2021-09-13T18:52:38 IST" duration-ms="2075" status="PASS">
          <reporter-output>
          </reporter-output>
        </test-method> <!-- teardown -->
      </class> <!-- Academy.ValidateNavigationlinks -->
    </test> <!-- Testing nav links -->
    <test started-at="2021-09-13T18:52:42 IST" name="testing home page" finished-at="2021-09-13T18:53:57 IST" duration-ms="74959">
      <class name="Academy.Homepage">
        <test-method signature="basePageNavigation()[pri:0, instance:Academy.Homepage@eadd4fb]" started-at="2021-09-13T18:52:42 IST" name="basePageNavigation" finished-at="2021-09-13T18:53:57 IST" duration-ms="74651" status="PASS">
          <reporter-output>
          </reporter-output>
        </test-method> <!-- basePageNavigation -->
        <test-method is-config="true" signature="teardown()[pri:0, instance:Academy.Homepage@eadd4fb]" started-at="2021-09-13T18:53:57 IST" name="teardown" finished-at="2021-09-13T18:53:57 IST" duration-ms="308" status="PASS">
          <reporter-output>
          </reporter-output>
        </test-method> <!-- teardown -->
      </class> <!-- Academy.Homepage -->
    </test> <!-- testing home page -->
  </suite> <!-- Suite -->
</testng-results>
