<?xml version="1.0" encoding="UTF-8"?>
<testng-results ignored="0" total="4" passed="4" failed="0" skipped="0">
  <reporter-output>
  </reporter-output>
  <suite started-at="2023-06-15T10:21:40Z" name="Suite" finished-at="2023-06-15T10:22:22Z" duration-ms="41883">
    <groups>
    </groups>
    <test started-at="2023-06-15T10:21:40Z" name="Test" finished-at="2023-06-15T10:22:22Z" duration-ms="41883">
      <class name="Practiceproject.Practiceproject.test">
        <test-method signature="createProduct()[pri:1, instance:Practiceproject.Practiceproject.test@427b5f92]" started-at="2023-06-15T10:21:40Z" name="createProduct" finished-at="2023-06-15T10:22:02Z" duration-ms="22626" status="PASS">
          <reporter-output>
          </reporter-output>
        </test-method> <!-- createProduct -->
        <test-method signature="createOrder()[pri:2, instance:Practiceproject.Practiceproject.test@427b5f92]" started-at="2023-06-15T10:22:02Z" name="createOrder" finished-at="2023-06-15T10:22:09Z" duration-ms="6640" status="PASS">
          <reporter-output>
          </reporter-output>
        </test-method> <!-- createOrder -->
        <test-method signature="addLineitemandcheckValidationOnLineitemCreation()[pri:3, instance:Practiceproject.Practiceproject.test@427b5f92]" started-at="2023-06-15T10:22:09Z" name="addLineitemandcheckValidationOnLineitemCreation" finished-at="2023-06-15T10:22:15Z" duration-ms="6309" status="PASS">
          <reporter-output>
          </reporter-output>
        </test-method> <!-- addLineitemandcheckValidationOnLineitemCreation -->
        <test-method signature="filterLineitem()[pri:4, instance:Practiceproject.Practiceproject.test@427b5f92]" started-at="2023-06-15T10:22:15Z" name="filterLineitem" finished-at="2023-06-15T10:22:22Z" duration-ms="6209" status="PASS">
          <reporter-output>
          </reporter-output>
        </test-method> <!-- filterLineitem -->
      </class> <!-- Practiceproject.Practiceproject.test -->
    </test> <!-- Test -->
  </suite> <!-- Suite -->
</testng-results>
